<?xml version="1.0" encoding="UTF-8"?>
<testsuite name="movieQuote.MovieQuoteControllerTest" tests="1" skipped="0" failures="0" errors="0" timestamp="2015-07-27T20:54:09" hostname="NewlyImaged" time="0.001">
  <properties/>
  <testcase name="setUp" classname="movieQuote.MovieQuoteControllerTest" time="0.001"/>
  <system-out><![CDATA[]]></system-out>
  <system-err><![CDATA[]]></system-err>
</testsuite>
